<?xml version="1.0" encoding="UTF-8"?>
<!-- Generated by org.testng.reporters.JUnitXMLReporter -->
<testsuite ignored="2" hostname="DESKTOP-VFA3M3H" failures="0" tests="0" time="0.016" errors="0" timestamp="2025-05-01T21:25:26 IST">
  <testcase classname="RSA2_Framework.ErrorValidationTest" name="ErrorVerify" time="0.0">
    <ignored/>
  </testcase> <!-- ErrorVerify -->
  <testcase classname="RSA2_Framework.ErrorValidationTest" name="ErrorValidation" time="0.0">
    <ignored/>
  </testcase> <!-- ErrorValidation -->
</testsuite>
