<?xml version="1.0" encoding="UTF-8"?>
<!-- Generated by org.testng.reporters.JUnitXMLReporter -->
<testsuite ignored="0" hostname="DESKTOP-VFA3M3H" failures="0" tests="3" name="Submit Order Test" time="19.306" errors="0" timestamp="2025-05-15T20:35:47 IST">
  <testcase classname="RSA2_Framework.SubmitOrderTest" name="SubmitOrder" time="11.015"/>
  <testcase classname="RSA2_Framework.SubmitOrderTest" name="SubmitOrder" time="0.001">
    <skipped/>
  </testcase> <!-- SubmitOrder -->
  <testcase classname="RSA2_Framework.SubmitOrderTest" name="OrderHistory" time="0.002">
    <skipped/>
  </testcase> <!-- OrderHistory -->
</testsuite> <!-- Submit Order Test -->
