<?xml version="1.0" encoding="UTF-8"?>
<testng-results ignored="0" total="1" passed="1" failed="0" skipped="0">
  <reporter-output>
  </reporter-output>
  <suite started-at="2025-05-27T17:54:53 IST" name="Default suite" finished-at="2025-05-27T17:55:09 IST" duration-ms="16359">
    <groups>
      <group name="Purchase">
        <method signature="SubmitOrderTest.SubmitOrder(java.util.HashMap)[pri:0, instance:RSA2_Framework.SubmitOrderTest@776aec5c]" name="SubmitOrder" class="RSA2_Framework.SubmitOrderTest"/>
      </group> <!-- Purchase -->
    </groups>
    <test started-at="2025-05-27T17:54:53 IST" name="Default test" finished-at="2025-05-27T17:55:09 IST" duration-ms="16359">
      <class name="RSA2_Framework.SubmitOrderTest">
        <test-method is-config="true" signature="launchapplication()[pri:0, instance:RSA2_Framework.SubmitOrderTest@776aec5c]" started-at="2025-05-27T17:54:53 IST" name="launchapplication" finished-at="2025-05-27T17:54:58 IST" duration-ms="5484" status="PASS">
          <reporter-output>
          </reporter-output>
        </test-method> <!-- launchapplication -->
        <test-method signature="SubmitOrder(java.util.HashMap)[pri:0, instance:RSA2_Framework.SubmitOrderTest@776aec5c]" started-at="2025-05-27T17:54:58 IST" name="SubmitOrder" data-provider="getData" finished-at="2025-05-27T17:55:09 IST" duration-ms="10408" status="PASS">
          <params>
            <param index="0">
              <value>
                <![CDATA[{password=Omkar@1234, email=opawar449@gmail.com, productName=ZARA COAT 3}]]>
              </value>
            </param>
          </params>
          <reporter-output>
          </reporter-output>
        </test-method> <!-- SubmitOrder -->
        <test-method is-config="true" signature="CloseTest()[pri:0, instance:RSA2_Framework.SubmitOrderTest@776aec5c]" started-at="2025-05-27T17:55:09 IST" name="CloseTest" finished-at="2025-05-27T17:55:09 IST" duration-ms="182" status="PASS">
          <reporter-output>
          </reporter-output>
        </test-method> <!-- CloseTest -->
      </class> <!-- RSA2_Framework.SubmitOrderTest -->
    </test> <!-- Default test -->
  </suite> <!-- Default suite -->
</testng-results>
